# JRE version: OpenJDK Runtime Environment Temurin-17.0.3+7 (17.0.3+7) (build 17.0.3+7)
# Java VM: OpenJDK 64-Bit Server VM Temurin-17.0.3+7 (17.0.3+7, mixed mode, sharing, tiered, compressed oops, compressed class ptrs, g1 gc, windows-amd64)
GC Precious Log:
 CPUs: 4 total, 4 available
 Memory: 16321M
 Large Page Support: Disabled
 NUMA Support: Disabled
 Compressed Oops: Enabled (Zero based)
 Heap Region Size: 2M
 Heap Min Capacity: 512M
 Heap Initial Capacity: 512M
 Heap Max Capacity: 4072M
 Pre-touch: Disabled
 Parallel Workers: 4
 Concurrent Workers: 1
 Concurrent Refinement Workers: 4
 Periodic GC: Disabled
 String Deduplication is enabled
Heap:
 garbage-first heap   total 524288K, used 95832K [0x0000000701800000, 0x0000000800000000)
  region size 2048K, 16 young (32768K), 5 survivors (10240K)
 Metaspace       used 55003K, committed 55424K, reserved 1097728K
  class space    used 7409K, committed 7616K, reserved 1048576K
GC Heap History (20 events):
Event: 17.980 GC heap before
{Heap before GC invocations=1 (full 0):
 garbage-first heap   total 524288K, used 93140K [0x0000000701800000, 0x0000000800000000)
  region size 2048K, 40 young (81920K), 5 survivors (10240K)
 Metaspace       used 16533K, committed 16704K, reserved 1064960K
  class space    used 1575K, committed 1664K, reserved 1048576K
}
Event: 17.984 GC heap after
{Heap after GC invocations=2 (full 0):
 garbage-first heap   total 524288K, used 24895K [0x0000000701800000, 0x0000000800000000)
  region size 2048K, 2 young (4096K), 2 survivors (4096K)
 Metaspace       used 16533K, committed 16704K, reserved 1064960K
  class space    used 1575K, committed 1664K, reserved 1048576K
}
Event: 18.040 GC heap before
{Heap before GC invocations=2 (full 0):
 garbage-first heap   total 524288K, used 102719K [0x0000000701800000, 0x0000000800000000)
  region size 2048K, 40 young (81920K), 2 survivors (4096K)
 Metaspace       used 17090K, committed 17280K, reserved 1064960K
  class space    used 1659K, committed 1792K, reserved 1048576K
}
Event: 18.042 GC heap after
{Heap after GC invocations=3 (full 0):
 garbage-first heap   total 524288K, used 25204K [0x0000000701800000, 0x0000000800000000)
  region size 2048K, 3 young (6144K), 3 survivors (6144K)
 Metaspace       used 17090K, committed 17280K, reserved 1064960K
  class space    used 1659K, committed 1792K, reserved 1048576K
}
Event: 18.070 GC heap before
{Heap before GC invocations=3 (full 0):
 garbage-first heap   total 524288K, used 100980K [0x0000000701800000, 0x0000000800000000)
  region size 2048K, 40 young (81920K), 3 survivors (6144K)
 Metaspace       used 17407K, committed 17536K, reserved 1064960K
  class space    used 1717K, committed 1792K, reserved 1048576K
}
Event: 18.072 GC heap after
{Heap after GC invocations=4 (full 0):
 garbage-first heap   total 524288K, used 25411K [0x0000000701800000, 0x0000000800000000)
  region size 2048K, 3 young (6144K), 3 survivors (6144K)
 Metaspace       used 17407K, committed 17536K, reserved 1064960K
  class space    used 1717K, committed 1792K, reserved 1048576K
}
Event: 18.103 GC heap before
{Heap before GC invocations=4 (full 0):
 garbage-first heap   total 524288K, used 101187K [0x0000000701800000, 0x0000000800000000)
  region size 2048K, 40 young (81920K), 3 survivors (6144K)
 Metaspace       used 17936K, committed 18112K, reserved 1064960K
  class space    used 1776K, committed 1856K, reserved 1048576K
}
Event: 18.105 GC heap after
{Heap after GC invocations=5 (full 0):
 garbage-first heap   total 524288K, used 25618K [0x0000000701800000, 0x0000000800000000)
  region size 2048K, 3 young (6144K), 3 survivors (6144K)
 Metaspace       used 17936K, committed 18112K, reserved 1064960K
  class space    used 1776K, committed 1856K, reserved 1048576K
}
Event: 18.152 GC heap before
{Heap before GC invocations=5 (full 0):
 garbage-first heap   total 524288K, used 101394K [0x0000000701800000, 0x0000000800000000)
  region size 2048K, 40 young (81920K), 3 survivors (6144K)
 Metaspace       used 17946K, committed 18112K, reserved 1064960K
  class space    used 1777K, committed 1856K, reserved 1048576K
}
Event: 18.154 GC heap after
{Heap after GC invocations=6 (full 0):
 garbage-first heap   total 524288K, used 25032K [0x0000000701800000, 0x0000000800000000)
  region size 2048K, 2 young (4096K), 2 survivors (4096K)
 Metaspace       used 17946K, committed 18112K, reserved 1064960K
  class space    used 1777K, committed 1856K, reserved 1048576K
}
Event: 18.260 GC heap before
{Heap before GC invocations=6 (full 0):
 garbage-first heap   total 524288K, used 102856K [0x0000000701800000, 0x0000000800000000)
  region size 2048K, 40 young (81920K), 2 survivors (4096K)
 Metaspace       used 18638K, committed 18880K, reserved 1073152K
  class space    used 1854K, committed 1984K, reserved 1048576K
}
Event: 18.264 GC heap after
{Heap after GC invocations=7 (full 0):
 garbage-first heap   total 768000K, used 25220K [0x0000000701800000, 0x0000000800000000)
  region size 2048K, 3 young (6144K), 3 survivors (6144K)
 Metaspace       used 18638K, committed 18880K, reserved 1073152K
  class space    used 1854K, committed 1984K, reserved 1048576K
}
Event: 18.579 GC heap before
{Heap before GC invocations=7 (full 0):
 garbage-first heap   total 768000K, used 41604K [0x0000000701800000, 0x0000000800000000)
  region size 2048K, 12 young (24576K), 3 survivors (6144K)
 Metaspace       used 21324K, committed 21504K, reserved 1073152K
  class space    used 2222K, committed 2304K, reserved 1048576K
}
Event: 18.583 GC heap after
{Heap after GC invocations=8 (full 0):
 garbage-first heap   total 768000K, used 26186K [0x0000000701800000, 0x0000000800000000)
  region size 2048K, 3 young (6144K), 3 survivors (6144K)
 Metaspace       used 21324K, committed 21504K, reserved 1073152K
  class space    used 2222K, committed 2304K, reserved 1048576K
}
Event: 21.459 GC heap before
{Heap before GC invocations=9 (full 0):
 garbage-first heap   total 524288K, used 132682K [0x0000000701800000, 0x0000000800000000)
  region size 2048K, 34 young (69632K), 3 survivors (6144K)
 Metaspace       used 35773K, committed 35968K, reserved 1081344K
  class space    used 4293K, committed 4352K, reserved 1048576K
}
Event: 21.466 GC heap after
{Heap after GC invocations=10 (full 0):
 garbage-first heap   total 524288K, used 48874K [0x0000000701800000, 0x0000000800000000)
  region size 2048K, 5 young (10240K), 5 survivors (10240K)
 Metaspace       used 35773K, committed 35968K, reserved 1081344K
  class space    used 4293K, committed 4352K, reserved 1048576K
}
Event: 43.158 GC heap before
{Heap before GC invocations=11 (full 0):
 garbage-first heap   total 524288K, used 118506K [0x0000000701800000, 0x0000000800000000)
  region size 2048K, 40 young (81920K), 5 survivors (10240K)
 Metaspace       used 47211K, committed 47488K, reserved 1097728K
  class space    used 6152K, committed 6272K, reserved 1048576K
}
Event: 43.169 GC heap after
{Heap after GC invocations=12 (full 0):
 garbage-first heap   total 524288K, used 58917K [0x0000000701800000, 0x0000000800000000)
  region size 2048K, 5 young (10240K), 5 survivors (10240K)
 Metaspace       used 47211K, committed 47488K, reserved 1097728K
  class space    used 6152K, committed 6272K, reserved 1048576K
}
Event: 45.267 GC heap before
{Heap before GC invocations=12 (full 0):
 garbage-first heap   total 524288K, used 138789K [0x0000000701800000, 0x0000000800000000)
  region size 2048K, 40 young (81920K), 5 survivors (10240K)
 Metaspace       used 53383K, committed 53760K, reserved 1097728K
  class space    used 7174K, committed 7360K, reserved 1048576K
}
Event: 45.277 GC heap after
{Heap after GC invocations=13 (full 0):
 garbage-first heap   total 524288K, used 75352K [0x0000000701800000, 0x0000000800000000)
  region size 2048K, 5 young (10240K), 5 survivors (10240K)
 Metaspace       used 53383K, committed 53760K, reserved 1097728K
  class space    used 7174K, committed 7360K, reserved 1048576K
}

